app/build/intermediates/manifest_merge_blame_file/debug/manifest-merger-blame-debug-report.txt
1<?xml version="1.0" encoding="utf-8"?>
2<manifest xmlns:android="http://schemas.android.com/apk/res/android"
3    package="com.example.kotlinlesson2"
4    android:versionCode="1"
5    android:versionName="1.0" >
6
7    <uses-sdk
8        android:minSdkVersion="24"
8-->src\main\AndroidManifest.xml
9        android:targetSdkVersion="30" />
9-->src\main\AndroidManifest.xml
10
11    <uses-permission android:name="android.permission.ACCESS_NETWORK_STATE" />
11-->src\main\AndroidManifest.xml:5:5-79
11-->src\main\AndroidManifest.xml:5:22-76
12    <uses-permission android:name="android.permission.INTERNET" />
12-->src\main\AndroidManifest.xml:7:5-67
12-->src\main\AndroidManifest.xml:7:22-64
13
14    <application
14-->src\main\AndroidManifest.xml:9:5-31:19
15        android:allowBackup="true"
15-->src\main\AndroidManifest.xml:10:9-35
16        android:appComponentFactory="androidx.core.app.CoreComponentFactory"
16-->[androidx.core:core:1.5.0] AndroidManifest.xml:24:18-86
17        android:debuggable="true"
18        android:extractNativeLibs="false"
19        android:icon="@mipmap/ic_launcher"
19-->src\main\AndroidManifest.xml:11:9-43
20        android:label="@string/app_name"
20-->src\main\AndroidManifest.xml:12:9-41
21        android:roundIcon="@mipmap/ic_launcher_round"
21-->src\main\AndroidManifest.xml:13:9-54
22        android:supportsRtl="true"
22-->src\main\AndroidManifest.xml:14:9-35
23        android:testOnly="true"
24        android:theme="@style/Theme.KotlinLesson2" >
24-->src\main\AndroidManifest.xml:15:9-51
25        <service
25-->src\main\AndroidManifest.xml:17:9-19:40
26            android:name="com.example.kotlinlesson2.services.LogsIntentService"
26-->src\main\AndroidManifest.xml:18:13-55
27            android:exported="false" />
27-->src\main\AndroidManifest.xml:19:13-37
28
29        <activity
29-->src\main\AndroidManifest.xml:21:9-30:20
30            android:name="com.example.kotlinlesson2.view.MainActivity"
30-->src\main\AndroidManifest.xml:22:13-46
31            android:exported="true" >
31-->src\main\AndroidManifest.xml:23:13-36
32            <intent-filter>
32-->src\main\AndroidManifest.xml:25:13-29:29
33                <action android:name="android.intent.action.MAIN" />
33-->src\main\AndroidManifest.xml:26:17-69
33-->src\main\AndroidManifest.xml:26:25-66
34
35                <category android:name="android.intent.category.LAUNCHER" />
35-->src\main\AndroidManifest.xml:28:17-77
35-->src\main\AndroidManifest.xml:28:27-74
36            </intent-filter>
37        </activity>
38    </application>
39
40</manifest>